<testsuites id="" name="" tests="8" failures="0" skipped="0" errors="0" time="195.091">
<testsuite name="cloud/test-4f.spec.ts" timestamp="1655667311825" hostname="" tests="1" failures="0" skipped="0" time="57.449" errors="0">
<testcase name="4 factors dashboard Check 4 factors @dashboard on @cloud" classname="[staging] › cloud/test-4f.spec.ts:11:5 › 4 factors dashboard › Check 4 factors @dashboard on @cloud" time="57.449">
<system-out>

[[ATTACHMENT|../test-results/cloud-test-4f-4-factors-dashboard-Check-4-factors-dashboard-on-cloud-staging/video.webm]]

[[ATTACHMENT|../test-results/cloud-test-4f-4-factors-dashboard-Check-4-factors-dashboard-on-cloud-staging/trace.zip]]

[[ATTACHMENT|../test-results/cloud-test-4f-4-factors-dashboard-Check-4-factors-dashboard-on-cloud-staging/test-failed-1.png]]

</system-out>
</testcase>
</testsuite>
<testsuite name="cloud/test-login.spec.ts" timestamp="1655667311825" hostname="" tests="3" failures="0" skipped="0" time="104.71" errors="0">
<testcase name="Login feature Login with github on @cloud" classname="[staging] › cloud/test-login.spec.ts:10:5 › Login feature › Login with github on @cloud" time="34.088">
<system-out>

[[ATTACHMENT|../test-results/cloud-test-login-Login-feature-Login-with-github-on-cloud-staging/video.webm]]

[[ATTACHMENT|../test-results/cloud-test-login-Login-feature-Login-with-github-on-cloud-staging/trace.zip]]

[[ATTACHMENT|../test-results/cloud-test-login-Login-feature-Login-with-github-on-cloud-staging/test-finished-1.png]]

</system-out>
</testcase>
<testcase name="Login feature Login with bitbucket on @cloud" classname="[staging] › cloud/test-login.spec.ts:10:5 › Login feature › Login with bitbucket on @cloud" time="33.26">
<system-out>

[[ATTACHMENT|../test-results/cloud-test-login-Login-feature-Login-with-bitbucket-on-cloud-staging/video.webm]]

[[ATTACHMENT|../test-results/cloud-test-login-Login-feature-Login-with-bitbucket-on-cloud-staging/trace.zip]]

[[ATTACHMENT|../test-results/cloud-test-login-Login-feature-Login-with-bitbucket-on-cloud-staging/test-finished-1.png]]

</system-out>
</testcase>
<testcase name="Login feature Login with azure on @cloud" classname="[staging] › cloud/test-login.spec.ts:10:5 › Login feature › Login with azure on @cloud" time="37.362">
<system-out>

[[ATTACHMENT|../test-results/cloud-test-login-Login-feature-Login-with-azure-on-cloud-staging/video.webm]]

[[ATTACHMENT|../test-results/cloud-test-login-Login-feature-Login-with-azure-on-cloud-staging/trace.zip]]

[[ATTACHMENT|../test-results/cloud-test-login-Login-feature-Login-with-azure-on-cloud-staging/test-finished-1.png]]

</system-out>
</testcase>
</testsuite>
<testsuite name="cloud/test-pr-integration.spec.ts" timestamp="1655667311825" hostname="" tests="3" failures="0" skipped="0" time="500.244" errors="0">
<testcase name="PR integration feature Test PR integration with github on @cloud @prIntegration" classname="[staging] › cloud/test-pr-integration.spec.ts:13:5 › PR integration feature › Test PR integration with github on @cloud @prIntegration" time="148.814">
<system-out>

[[ATTACHMENT|../test-results/cloud-test-pr-integration-PR-integration-featu-eff46--integration-with-github-on-cloud-prIntegration-staging/video.webm]]

[[ATTACHMENT|../test-results/cloud-test-pr-integration-PR-integration-featu-eff46--integration-with-github-on-cloud-prIntegration-staging/trace.zip]]

[[ATTACHMENT|../test-results/cloud-test-pr-integration-PR-integration-featu-eff46--integration-with-github-on-cloud-prIntegration-staging/test-finished-1.png]]

</system-out>
</testcase>
<testcase name="PR integration feature Test PR integration with bitbucket on @cloud @prIntegration" classname="[staging] › cloud/test-pr-integration.spec.ts:13:5 › PR integration feature › Test PR integration with bitbucket on @cloud @prIntegration" time="156.852">
<system-out>

[[ATTACHMENT|../test-results/cloud-test-pr-integration-PR-integration-featu-31950-tegration-with-bitbucket-on-cloud-prIntegration-staging/video.webm]]

[[ATTACHMENT|../test-results/cloud-test-pr-integration-PR-integration-featu-31950-tegration-with-bitbucket-on-cloud-prIntegration-staging/trace.zip]]

[[ATTACHMENT|../test-results/cloud-test-pr-integration-PR-integration-featu-31950-tegration-with-bitbucket-on-cloud-prIntegration-staging/test-finished-1.png]]

</system-out>
</testcase>
<testcase name="PR integration feature Test PR integration with azure on @cloud @prIntegration" classname="[staging] › cloud/test-pr-integration.spec.ts:13:5 › PR integration feature › Test PR integration with azure on @cloud @prIntegration" time="194.578">
<system-out>

[[ATTACHMENT|../test-results/cloud-test-pr-integration-PR-integration-featu-1ac6b-R-integration-with-azure-on-cloud-prIntegration-staging/video.webm]]

[[ATTACHMENT|../test-results/cloud-test-pr-integration-PR-integration-featu-1ac6b-R-integration-with-azure-on-cloud-prIntegration-staging/trace.zip]]

[[ATTACHMENT|../test-results/cloud-test-pr-integration-PR-integration-featu-1ac6b-R-integration-with-azure-on-cloud-prIntegration-staging/test-finished-1.png]]

</system-out>
</testcase>
</testsuite>
<testsuite name="cloud/test-project-architecture.spec.ts" timestamp="1655667311825" hostname="" tests="1" failures="0" skipped="0" time="0" errors="0">
<testcase name="Architectural components Generate architectural components on @cloud" classname="[staging] › cloud/test-project-architecture.spec.ts:15:8 › Architectural components › Generate architectural components on @cloud" time="0">
</testcase>
</testsuite>
</testsuites>